TN:
SF:src/components/AddToFavorite/index.tsx
FN:13,AddToFavorite
FN:15,(anonymous_1)
FN:17,(anonymous_2)
FN:19,(anonymous_3)
FNF:4
FNH:4
FNDA:4,AddToFavorite
FNDA:8,(anonymous_1)
FNDA:3,(anonymous_2)
FNDA:2,(anonymous_3)
DA:14,4
DA:15,8
DA:17,4
DA:19,4
DA:20,2
DA:23,4
LF:6
LH:6
BRDA:28,0,0,4
BRDA:28,0,1,2
BRDA:29,1,0,2
BRDA:29,1,1,2
BRF:4
BRH:4
end_of_record
TN:
SF:src/components/Card/index.tsx
FN:10,(anonymous_0)
FN:12,(anonymous_1)
FN:34,(anonymous_2)
FN:48,(anonymous_3)
FN:56,(anonymous_4)
FN:70,(anonymous_5)
FN:78,(anonymous_6)
FNF:7
FNH:2
FNDA:1,(anonymous_0)
FNDA:2,(anonymous_1)
FNDA:0,(anonymous_2)
FNDA:0,(anonymous_3)
FNDA:0,(anonymous_4)
FNDA:0,(anonymous_5)
FNDA:0,(anonymous_6)
DA:10,1
DA:12,1
DA:13,2
DA:14,2
DA:15,2
DA:19,1
DA:34,1
DA:35,0
DA:48,1
DA:49,0
DA:56,1
DA:57,0
DA:70,1
DA:71,0
DA:79,0
DA:80,0
DA:88,1
LF:17
LH:11
BRDA:13,0,0,2
BRDA:13,0,1,0
BRDA:13,1,0,2
BRDA:13,1,1,1
BRDA:13,1,2,2
BRDA:80,2,0,0
BRDA:80,2,1,0
BRF:7
BRH:4
end_of_record
TN:
SF:src/components/EmptyStateFavorite/index.tsx
FN:13,EmptyStateFavorite
FNF:1
FNH:1
FNDA:3,EmptyStateFavorite
DA:14,3
LF:1
LH:1
BRF:0
BRH:0
end_of_record
TN:
SF:src/components/Header/index.tsx
FN:6,(anonymous_0)
FNF:1
FNH:1
FNDA:2,(anonymous_0)
DA:6,1
DA:7,2
LF:2
LH:2
BRF:0
BRH:0
end_of_record
TN:
SF:src/components/Header/NavHeader/index.tsx
FN:4,NavHeader
FNF:1
FNH:1
FNDA:1,NavHeader
DA:5,1
LF:1
LH:1
BRF:0
BRH:0
end_of_record
TN:
SF:src/components/Header/NavHeader/LinkItem/index.tsx
FN:12,(anonymous_0)
FNF:1
FNH:1
FNDA:3,(anonymous_0)
DA:12,1
DA:13,3
DA:14,3
DA:16,3
LF:4
LH:4
BRDA:21,0,0,1
BRDA:21,0,1,2
BRF:2
BRH:2
end_of_record
TN:
SF:src/components/Header/SearchInput/index.tsx
FN:5,(anonymous_0)
FN:12,(anonymous_1)
FN:18,(anonymous_2)
FN:26,(anonymous_3)
FN:29,(anonymous_4)
FN:39,(anonymous_5)
FNF:6
FNH:5
FNDA:12,(anonymous_0)
FNDA:12,(anonymous_1)
FNDA:0,(anonymous_2)
FNDA:11,(anonymous_3)
FNDA:2,(anonymous_4)
FNDA:10,(anonymous_5)
DA:5,1
DA:6,12
DA:7,12
DA:9,12
DA:10,12
DA:12,12
DA:13,12
DA:14,1
DA:15,1
DA:18,11
DA:19,0
DA:21,0
DA:22,0
DA:26,11
DA:29,12
DA:30,2
DA:31,2
DA:34,12
DA:39,10
LF:19
LH:16
BRDA:7,0,0,12
BRDA:7,0,1,11
BRDA:13,1,0,1
BRDA:13,1,1,11
BRDA:21,2,0,0
BRDA:21,2,1,0
BRDA:30,3,0,2
BRDA:30,3,1,1
BRDA:31,4,0,0
BRDA:31,4,1,2
BRF:10
BRH:7
end_of_record
TN:
SF:src/components/HighlightText/index.tsx
FN:6,(anonymous_0)
FN:16,(anonymous_1)
FNF:2
FNH:2
FNDA:6,(anonymous_0)
FNDA:17,(anonymous_1)
DA:6,1
DA:7,6
DA:9,5
DA:10,5
DA:12,5
DA:14,5
DA:17,17
LF:7
LH:7
BRDA:7,0,0,1
BRDA:7,0,1,5
BRDA:17,1,0,6
BRDA:17,1,1,11
BRF:4
BRH:4
end_of_record
TN:
SF:src/components/Image/index.tsx
FN:8,(anonymous_0)
FN:37,(anonymous_1)
FN:38,(anonymous_2)
FNF:3
FNH:1
FNDA:3,(anonymous_0)
FNDA:0,(anonymous_1)
FNDA:0,(anonymous_2)
DA:8,1
DA:13,3
DA:14,3
DA:16,3
DA:17,0
DA:29,3
DA:37,0
DA:39,0
DA:40,0
LF:9
LH:5
BRDA:10,0,0,3
BRDA:16,1,0,0
BRDA:16,1,1,3
BRDA:31,2,0,3
BRDA:31,2,1,3
BRDA:44,3,0,3
BRDA:44,3,1,0
BRF:7
BRH:5
end_of_record
TN:
SF:src/components/InfiniteScrollTrigger/index.tsx
FN:10,(anonymous_0)
FN:18,(anonymous_1)
FN:22,(anonymous_2)
FN:31,(anonymous_3)
FNF:4
FNH:4
FNDA:5,(anonymous_0)
FNDA:5,(anonymous_1)
FNDA:2,(anonymous_2)
FNDA:4,(anonymous_3)
DA:10,1
DA:16,5
DA:18,5
DA:19,5
DA:21,4
DA:23,2
DA:24,1
DA:30,4
DA:31,4
DA:34,5
LF:10
LH:10
BRDA:12,0,0,5
BRDA:13,1,0,5
BRDA:19,2,0,1
BRDA:19,2,1,4
BRDA:19,3,0,5
BRDA:19,3,1,4
BRDA:23,4,0,1
BRDA:23,4,1,1
BRF:8
BRH:8
end_of_record
TN:
SF:src/components/MovieCard/index.tsx
FN:19,(anonymous_0)
FN:29,(anonymous_1)
FN:37,(anonymous_2)
FNF:3
FNH:3
FNDA:3,(anonymous_0)
FNDA:1,(anonymous_1)
FNDA:1,(anonymous_2)
DA:19,1
DA:27,3
DA:29,3
DA:30,1
DA:33,3
DA:34,3
DA:36,3
DA:37,1
LF:8
LH:8
BRDA:41,0,0,3
BRDA:41,0,1,2
BRDA:44,1,0,3
BRDA:44,1,1,1
BRDA:49,2,0,3
BRDA:49,2,1,3
BRF:6
BRH:6
end_of_record
TN:
SF:src/components/MovieCard/FavoriteButtonCard/index.tsx
FN:14,FavoriteButtonCard
FN:16,(anonymous_1)
FN:18,(anonymous_2)
FN:20,(anonymous_3)
FNF:4
FNH:4
FNDA:3,FavoriteButtonCard
FNDA:6,(anonymous_1)
FNDA:1,(anonymous_2)
FNDA:1,(anonymous_3)
DA:15,3
DA:16,6
DA:18,3
DA:20,3
DA:21,1
DA:23,1
DA:24,1
DA:28,3
LF:8
LH:8
BRDA:23,0,0,1
BRDA:23,0,1,0
BRDA:35,1,0,3
BRDA:35,1,1,1
BRF:4
BRH:3
end_of_record
TN:
SF:src/components/MovieCard/RemoveButtonCard/index.tsx
FN:12,RemoveButtonCard
FN:15,(anonymous_1)
FNF:2
FNH:2
FNDA:3,RemoveButtonCard
FNDA:2,(anonymous_1)
DA:13,3
DA:15,3
DA:16,2
DA:18,2
DA:19,1
DA:23,3
LF:6
LH:6
BRDA:18,0,0,1
BRDA:18,0,1,1
BRF:2
BRH:2
end_of_record
TN:
SF:src/components/MovieCardSkeleton/index.tsx
FN:1,(anonymous_0)
FNF:1
FNH:1
FNDA:2,(anonymous_0)
DA:1,1
DA:2,2
LF:2
LH:2
BRF:0
BRH:0
end_of_record
TN:
SF:src/components/MovieDetailSkeleton/index.tsx
FN:1,MovieDetailSkeleton
FNF:1
FNH:1
FNDA:3,MovieDetailSkeleton
DA:2,3
LF:1
LH:1
BRF:0
BRH:0
end_of_record
TN:
SF:src/components/SelectOrder/index.tsx
FN:17,(anonymous_0)
FN:19,(anonymous_1)
FNF:2
FNH:2
FNDA:3,(anonymous_0)
FNDA:1,(anonymous_1)
DA:17,1
DA:18,3
DA:19,1
LF:3
LH:3
BRF:0
BRH:0
end_of_record
